<?xml version='1.0' encoding='UTF-8'?>
<testsuite hostname="Nader" name="com.databricks.spark.csv.CsvSuite" tests="54" errors="0" failures="0" time="7.931">
                     <properties>
[...]
</properties>
                     <testcase classname="com.databricks.spark.csv.CsvSuite" name="DSL test" time="0.184">
                                                 
                                               </testcase><testcase classname="com.databricks.spark.csv.CsvSuite" name="DSL test for iso-8859-1 encoded file" time="0.473">
                                                 
                                               </testcase><testcase classname="com.databricks.spark.csv.CsvSuite" name="DSL test bad charset name" time="0.001">
                                                 
                                               </testcase><testcase classname="com.databricks.spark.csv.CsvSuite" name="DDL test" time="0.367">
                                                 
                                               </testcase><testcase classname="com.databricks.spark.csv.CsvSuite" name="DDL test with alias name" time="0.08">
                                                 
                                               </testcase><testcase classname="com.databricks.spark.csv.CsvSuite" name="DDL test with charset" time="0.068">
                                                 
                                               </testcase><testcase classname="com.databricks.spark.csv.CsvSuite" name="DDL test with tab separated file" time="0.081">
                                                 
                                               </testcase><testcase classname="com.databricks.spark.csv.CsvSuite" name="DDL test parsing decimal type" time="0.281">
                                                 
                                               </testcase><testcase classname="com.databricks.spark.csv.CsvSuite" name="DSL test for DROPMALFORMED parsing mode" time="0.062">
                                                 
                                               </testcase><testcase classname="com.databricks.spark.csv.CsvSuite" name="DSL test for DROPMALFORMED parsing mode with pruned scan" time="0.082">
                                                 
                                               </testcase><testcase classname="com.databricks.spark.csv.CsvSuite" name="DSL test for FAILFAST parsing mode" time="0.076">
                                                 
                                               </testcase><testcase classname="com.databricks.spark.csv.CsvSuite" name="DSL test roundtrip nulls" time="0.532">
                                                 
                                               </testcase><testcase classname="com.databricks.spark.csv.CsvSuite" name="DSL test for tokens more than the schema" time="0.061">
                                                 
                                               </testcase><testcase classname="com.databricks.spark.csv.CsvSuite" name="DSL test with alternative delimiter and quote" time="0.062">
                                                 
                                               </testcase><testcase classname="com.databricks.spark.csv.CsvSuite" name="DSL test with null quote character" time="0.055">
                                                 
                                               </testcase><testcase classname="com.databricks.spark.csv.CsvSuite" name="csvFile" time="0.049">
                                                 
                                               </testcase><testcase classname="com.databricks.spark.csv.CsvSuite" name="csvFile" time="0.023">
                                                 
                                               </testcase><testcase classname="com.databricks.spark.csv.CsvSuite" name="csvFile" time="0.065">
                                                 
                                               </testcase><testcase classname="com.databricks.spark.csv.CsvSuite" name="DDL test with alternative delimiter and quote" time="0.07">
                                                 
                                               </testcase><testcase classname="com.databricks.spark.csv.CsvSuite" name="DSL test with empty file and known schema" time="0.06">
                                                 
                                               </testcase><testcase classname="com.databricks.spark.csv.CsvSuite" name="DSL test with poorly formatted file and string schema" time="0.081">
                                                 
                                               </testcase><testcase classname="com.databricks.spark.csv.CsvSuite" name="DSL test with poorly formatted file and known schema" time="0.095">
                                                 
                                               </testcase><testcase classname="com.databricks.spark.csv.CsvSuite" name="DDL test with empty file" time="0.069">
                                                 
                                               </testcase><testcase classname="com.databricks.spark.csv.CsvSuite" name="DDL test with schema" time="0.575">
                                                 
                                               </testcase><testcase classname="com.databricks.spark.csv.CsvSuite" name="DSL column names test" time="0.022">
                                                 
                                               </testcase><testcase classname="com.databricks.spark.csv.CsvSuite" name="SQL test insert overwrite" time="0.246">
                                                 
                                               </testcase><testcase classname="com.databricks.spark.csv.CsvSuite" name="DSL save" time="0.284">
                                                 
                                               </testcase><testcase classname="com.databricks.spark.csv.CsvSuite" name="DSL save with a quoteMode" time="0.274">
                                                 
                                               </testcase><testcase classname="com.databricks.spark.csv.CsvSuite" name="DSL save with non numeric quoteMode" time="0.317">
                                                 
                                               </testcase><testcase classname="com.databricks.spark.csv.CsvSuite" name="DSL save with null quoteMode" time="0.263">
                                                 
                                               </testcase><testcase classname="com.databricks.spark.csv.CsvSuite" name="DSL checking non null escapeChar is set before NONE quoteMode" time="0.209">
                                                 
                                               </testcase><testcase classname="com.databricks.spark.csv.CsvSuite" name="DSL save with a compression codec" time="0.297">
                                                 
                                               </testcase><testcase classname="com.databricks.spark.csv.CsvSuite" name="Scala API save with gzip compression codec" time="0.246">
                                                 
                                               </testcase><testcase classname="com.databricks.spark.csv.CsvSuite" name="Scala API save with gzip compression codec by shorten name" time="0.249">
                                                 
                                               </testcase><testcase classname="com.databricks.spark.csv.CsvSuite" name="DSL save with quoting" time="0.274">
                                                 
                                               </testcase><testcase classname="com.databricks.spark.csv.CsvSuite" name="DSL save with alternate quoting" time="0.263">
                                                 
                                               </testcase><testcase classname="com.databricks.spark.csv.CsvSuite" name="DSL save with quoting, escaped quote" time="0.375">
                                                 
                                               </testcase><testcase classname="com.databricks.spark.csv.CsvSuite" name="DSL test schema inferred correctly" time="0.185">
                                                 
                                               </testcase><testcase classname="com.databricks.spark.csv.CsvSuite" name="DSL test inferred schema passed through" time="0.124">
                                                 
                                               </testcase><testcase classname="com.databricks.spark.csv.CsvSuite" name="DDL test with inferred schema" time="0.136">
                                                 
                                               </testcase><testcase classname="com.databricks.spark.csv.CsvSuite" name="DSL test nullable fields" time="0.041">
                                                 
                                               </testcase><testcase classname="com.databricks.spark.csv.CsvSuite" name="DSL test nullable fields with user defined null value of &quot;null&quot;" time="0.048">
                                                 
                                               </testcase><testcase classname="com.databricks.spark.csv.CsvSuite" name="DSL test nullable fields with user defined null value of &quot;\N&quot;" time="0.037">
                                                 
                                               </testcase><testcase classname="com.databricks.spark.csv.CsvSuite" name="Commented lines in CSV data" time="0.038">
                                                 
                                               </testcase><testcase classname="com.databricks.spark.csv.CsvSuite" name="Inferring schema" time="0.062">
                                                 
                                               </testcase><testcase classname="com.databricks.spark.csv.CsvSuite" name="Inferring timestamp types via custom date format" time="0.077">
                                                 
                                               </testcase><testcase classname="com.databricks.spark.csv.CsvSuite" name="Load date types via custom date format" time="0.054">
                                                 
                                               </testcase><testcase classname="com.databricks.spark.csv.CsvSuite" name="Setting comment to null disables comment support" time="0.047">
                                                 
                                               </testcase><testcase classname="com.databricks.spark.csv.CsvSuite" name="DSL allows for setting maxColsPerChar and expect error" time="0.047">
                                                 
                                               </testcase><testcase classname="com.databricks.spark.csv.CsvSuite" name="DSL allows for setting maxColsPerChar and succeeds" time="0.045">
                                                 
                                               </testcase><testcase classname="com.databricks.spark.csv.CsvSuite" name="DSL load csv from rdd" time="0.022">
                                                 
                                               </testcase><testcase classname="com.databricks.spark.csv.CsvSuite" name="Inserting into csvRdd should throw exception" time="0.026">
                                                 
                                               </testcase><testcase classname="com.databricks.spark.csv.CsvSuite" name="DSL tsv test" time="0.039">
                                                 
                                               </testcase><testcase classname="com.databricks.spark.csv.CsvSuite" name="Type/Schema inference works as expected for the simple sparse dataset" time="0.032">
                                                 
                                               </testcase>
                     <system-out></system-out>
                     <system-err></system-err>
                   </testsuite>