<?xml version='1.0' encoding='UTF-8'?>
<testsuite hostname="Nader" name="com.databricks.spark.csv.CsvFastSuite" tests="54" errors="0" failures="0" time="5.21">
                     <properties>
[...]
</properties>
                     <testcase classname="com.databricks.spark.csv.CsvFastSuite" name="DSL test" time="0.072">
                                                 
                                               </testcase><testcase classname="com.databricks.spark.csv.CsvFastSuite" name="DSL test for iso-8859-1 encoded file" time="0.086">
                                                 
                                               </testcase><testcase classname="com.databricks.spark.csv.CsvFastSuite" name="DSL test bad charset name" time="0.0">
                                                 
                                               </testcase><testcase classname="com.databricks.spark.csv.CsvFastSuite" name="DDL test" time="0.048">
                                                 
                                               </testcase><testcase classname="com.databricks.spark.csv.CsvFastSuite" name="DDL test with alias name" time="0.043">
                                                 
                                               </testcase><testcase classname="com.databricks.spark.csv.CsvFastSuite" name="DDL test with charset" time="0.046">
                                                 
                                               </testcase><testcase classname="com.databricks.spark.csv.CsvFastSuite" name="DDL test with tab separated file" time="0.048">
                                                 
                                               </testcase><testcase classname="com.databricks.spark.csv.CsvFastSuite" name="DDL test parsing decimal type" time="0.098">
                                                 
                                               </testcase><testcase classname="com.databricks.spark.csv.CsvFastSuite" name="DSL test for DROPMALFORMED parsing mode" time="0.043">
                                                 
                                               </testcase><testcase classname="com.databricks.spark.csv.CsvFastSuite" name="DSL test for DROPMALFORMED parsing mode with pruned scan" time="0.049">
                                                 
                                               </testcase><testcase classname="com.databricks.spark.csv.CsvFastSuite" name="DSL test for FAILFAST parsing mode" time="0.042">
                                                 
                                               </testcase><testcase classname="com.databricks.spark.csv.CsvFastSuite" name="DSL test roundtrip nulls" time="0.157">
                                                 
                                               </testcase><testcase classname="com.databricks.spark.csv.CsvFastSuite" name="DSL test for tokens more than the schema" time="0.052">
                                                 
                                               </testcase><testcase classname="com.databricks.spark.csv.CsvFastSuite" name="DSL test with alternative delimiter and quote" time="0.055">
                                                 
                                               </testcase><testcase classname="com.databricks.spark.csv.CsvFastSuite" name="DSL test with null quote character" time="0.04">
                                                 
                                               </testcase><testcase classname="com.databricks.spark.csv.CsvFastSuite" name="csvFile" time="0.039">
                                                 
                                               </testcase><testcase classname="com.databricks.spark.csv.CsvFastSuite" name="csvFile" time="0.018">
                                                 
                                               </testcase><testcase classname="com.databricks.spark.csv.CsvFastSuite" name="csvFile" time="0.041">
                                                 
                                               </testcase><testcase classname="com.databricks.spark.csv.CsvFastSuite" name="DDL test with alternative delimiter and quote" time="0.055">
                                                 
                                               </testcase><testcase classname="com.databricks.spark.csv.CsvFastSuite" name="DSL test with empty file and known schema" time="0.055">
                                                 
                                               </testcase><testcase classname="com.databricks.spark.csv.CsvFastSuite" name="DSL test with poorly formatted file and string schema" time="0.08">
                                                 
                                               </testcase><testcase classname="com.databricks.spark.csv.CsvFastSuite" name="DSL test with poorly formatted file and known schema" time="0.066">
                                                 
                                               </testcase><testcase classname="com.databricks.spark.csv.CsvFastSuite" name="DDL test with empty file" time="0.058">
                                                 
                                               </testcase><testcase classname="com.databricks.spark.csv.CsvFastSuite" name="DDL test with schema" time="0.372">
                                                 
                                               </testcase><testcase classname="com.databricks.spark.csv.CsvFastSuite" name="DSL column names test" time="0.018">
                                                 
                                               </testcase><testcase classname="com.databricks.spark.csv.CsvFastSuite" name="SQL test insert overwrite" time="0.185">
                                                 
                                               </testcase><testcase classname="com.databricks.spark.csv.CsvFastSuite" name="DSL save" time="0.228">
                                                 
                                               </testcase><testcase classname="com.databricks.spark.csv.CsvFastSuite" name="DSL save with a quoteMode" time="0.253">
                                                 
                                               </testcase><testcase classname="com.databricks.spark.csv.CsvFastSuite" name="DSL save with non numeric quoteMode" time="0.247">
                                                 
                                               </testcase><testcase classname="com.databricks.spark.csv.CsvFastSuite" name="DSL save with null quoteMode" time="0.228">
                                                 
                                               </testcase><testcase classname="com.databricks.spark.csv.CsvFastSuite" name="DSL checking non null escapeChar is set before NONE quoteMode" time="0.056">
                                                 
                                               </testcase><testcase classname="com.databricks.spark.csv.CsvFastSuite" name="DSL save with a compression codec" time="0.264">
                                                 
                                               </testcase><testcase classname="com.databricks.spark.csv.CsvFastSuite" name="Scala API save with gzip compression codec" time="0.283">
                                                 
                                               </testcase><testcase classname="com.databricks.spark.csv.CsvFastSuite" name="Scala API save with gzip compression codec by shorten name" time="0.224">
                                                 
                                               </testcase><testcase classname="com.databricks.spark.csv.CsvFastSuite" name="DSL save with quoting" time="0.252">
                                                 
                                               </testcase><testcase classname="com.databricks.spark.csv.CsvFastSuite" name="DSL save with alternate quoting" time="0.236">
                                                 
                                               </testcase><testcase classname="com.databricks.spark.csv.CsvFastSuite" name="DSL save with quoting, escaped quote" time="0.278">
                                                 
                                               </testcase><testcase classname="com.databricks.spark.csv.CsvFastSuite" name="DSL test schema inferred correctly" time="0.112">
                                                 
                                               </testcase><testcase classname="com.databricks.spark.csv.CsvFastSuite" name="DSL test inferred schema passed through" time="0.09">
                                                 
                                               </testcase><testcase classname="com.databricks.spark.csv.CsvFastSuite" name="DDL test with inferred schema" time="0.066">
                                                 
                                               </testcase><testcase classname="com.databricks.spark.csv.CsvFastSuite" name="DSL test nullable fields" time="0.035">
                                                 
                                               </testcase><testcase classname="com.databricks.spark.csv.CsvFastSuite" name="DSL test nullable fields with user defined null value of &quot;null&quot;" time="0.035">
                                                 
                                               </testcase><testcase classname="com.databricks.spark.csv.CsvFastSuite" name="DSL test nullable fields with user defined null value of &quot;\N&quot;" time="0.036">
                                                 
                                               </testcase><testcase classname="com.databricks.spark.csv.CsvFastSuite" name="Commented lines in CSV data" time="0.035">
                                                 
                                               </testcase><testcase classname="com.databricks.spark.csv.CsvFastSuite" name="Inferring schema" time="0.062">
                                                 
                                               </testcase><testcase classname="com.databricks.spark.csv.CsvFastSuite" name="Inferring timestamp types via custom date format" time="0.062">
                                                 
                                               </testcase><testcase classname="com.databricks.spark.csv.CsvFastSuite" name="Load date types via custom date format" time="0.043">
                                                 
                                               </testcase><testcase classname="com.databricks.spark.csv.CsvFastSuite" name="Setting comment to null disables comment support" time="0.033">
                                                 
                                               </testcase><testcase classname="com.databricks.spark.csv.CsvFastSuite" name="DSL allows for setting maxColsPerChar and expect error" time="0.037">
                                                 
                                               </testcase><testcase classname="com.databricks.spark.csv.CsvFastSuite" name="DSL allows for setting maxColsPerChar and succeeds" time="0.035">
                                                 
                                               </testcase><testcase classname="com.databricks.spark.csv.CsvFastSuite" name="DSL load csv from rdd" time="0.018">
                                                 
                                               </testcase><testcase classname="com.databricks.spark.csv.CsvFastSuite" name="Inserting into csvRdd should throw exception" time="0.023">
                                                 
                                               </testcase><testcase classname="com.databricks.spark.csv.CsvFastSuite" name="DSL tsv test" time="0.034">
                                                 
                                               </testcase><testcase classname="com.databricks.spark.csv.CsvFastSuite" name="Type/Schema inference works as expected for the simple sparse dataset" time="0.039">
                                                 
                                               </testcase>
                     <system-out></system-out>
                     <system-err></system-err>
                   </testsuite>